TN:
SF:src\gateway\api-gateway.ts
FN:19,(anonymous_0)
FN:27,(anonymous_1)
FN:29,(anonymous_2)
FN:44,(anonymous_3)
FN:47,(anonymous_4)
FN:70,(anonymous_5)
FN:72,(anonymous_6)
FN:98,(anonymous_7)
FN:116,(anonymous_8)
FN:120,(anonymous_9)
FN:131,(anonymous_10)
FN:150,(anonymous_11)
FN:161,(anonymous_12)
FN:172,(anonymous_13)
FN:197,(anonymous_14)
FN:207,(anonymous_15)
FN:230,(anonymous_16)
FN:235,(anonymous_17)
FN:241,(anonymous_18)
FN:247,(anonymous_19)
FNF:20
FNH:0
FNDA:0,(anonymous_0)
FNDA:0,(anonymous_1)
FNDA:0,(anonymous_2)
FNDA:0,(anonymous_3)
FNDA:0,(anonymous_4)
FNDA:0,(anonymous_5)
FNDA:0,(anonymous_6)
FNDA:0,(anonymous_7)
FNDA:0,(anonymous_8)
FNDA:0,(anonymous_9)
FNDA:0,(anonymous_10)
FNDA:0,(anonymous_11)
FNDA:0,(anonymous_12)
FNDA:0,(anonymous_13)
FNDA:0,(anonymous_14)
FNDA:0,(anonymous_15)
FNDA:0,(anonymous_16)
FNDA:0,(anonymous_17)
FNDA:0,(anonymous_18)
FNDA:0,(anonymous_19)
DA:1,0
DA:3,0
DA:4,0
DA:5,0
DA:6,0
DA:7,0
DA:14,0
DA:20,0
DA:21,0
DA:22,0
DA:23,0
DA:24,0
DA:29,0
DA:30,0
DA:31,0
DA:33,0
DA:34,0
DA:38,0
DA:41,0
DA:44,0
DA:45,0
DA:47,0
DA:48,0
DA:49,0
DA:59,0
DA:60,0
DA:62,0
DA:66,0
DA:72,0
DA:73,0
DA:98,0
DA:99,0
DA:108,0
DA:118,0
DA:120,0
DA:121,0
DA:129,0
DA:132,0
DA:133,0
DA:147,0
DA:151,0
DA:159,0
DA:162,0
DA:170,0
DA:173,0
DA:174,0
DA:175,0
DA:177,0
DA:182,0
DA:189,0
DA:195,0
DA:198,0
DA:207,0
DA:208,0
DA:210,0
DA:212,0
DA:214,0
DA:216,0
DA:218,0
DA:220,0
DA:222,0
DA:226,0
DA:231,0
DA:236,0
DA:237,0
DA:242,0
DA:243,0
DA:248,0
DA:254,0
LF:69
LH:0
BRDA:30,0,0,0
BRDA:59,1,0,0
BRDA:59,1,1,0
BRDA:118,2,0,0
BRDA:210,3,0,0
BRDA:210,3,1,0
BRDA:210,3,2,0
BRDA:210,3,3,0
BRDA:210,3,4,0
BRDA:210,3,5,0
BRF:10
BRH:0
end_of_record
TN:
SF:src\modules\auth\controllers\auth.controller.ts
FN:12,(anonymous_0)
FN:110,(anonymous_1)
FN:141,(anonymous_2)
FN:168,(anonymous_3)
FN:189,(anonymous_4)
FN:204,(anonymous_5)
FN:218,(anonymous_6)
FN:239,(anonymous_7)
FN:253,(anonymous_8)
FN:18,(anonymous_9)
FN:56,(anonymous_10)
FN:70,(anonymous_11)
FN:101,(anonymous_12)
FNF:13
FNH:0
FNDA:0,(anonymous_0)
FNDA:0,(anonymous_1)
FNDA:0,(anonymous_2)
FNDA:0,(anonymous_3)
FNDA:0,(anonymous_4)
FNDA:0,(anonymous_5)
FNDA:0,(anonymous_6)
FNDA:0,(anonymous_7)
FNDA:0,(anonymous_8)
FNDA:0,(anonymous_9)
FNDA:0,(anonymous_10)
FNDA:0,(anonymous_11)
FNDA:0,(anonymous_12)
DA:2,0
DA:5,0
DA:6,0
DA:8,0
DA:13,0
DA:14,0
DA:19,0
DA:57,0
DA:71,0
DA:102,0
DA:103,0
DA:104,0
DA:110,0
DA:111,0
DA:112,0
DA:114,0
DA:123,0
DA:125,0
DA:130,0
DA:137,0
DA:141,0
DA:142,0
DA:143,0
DA:145,0
DA:150,0
DA:152,0
DA:157,0
DA:164,0
DA:168,0
DA:169,0
DA:170,0
DA:172,0
DA:173,0
DA:176,0
DA:178,0
DA:185,0
DA:189,0
DA:190,0
DA:194,0
DA:200,0
DA:204,0
DA:205,0
DA:206,0
DA:208,0
DA:214,0
DA:218,0
DA:219,0
DA:220,0
DA:222,0
DA:224,0
DA:228,0
DA:235,0
DA:239,0
DA:240,0
DA:241,0
DA:243,0
DA:249,0
DA:253,0
DA:254,0
DA:255,0
DA:257,0
DA:258,0
DA:261,0
DA:267,0
DA:273,0
LF:65
LH:0
BRDA:172,0,0,0
BRDA:255,1,0,0
BRDA:255,2,0,0
BRDA:257,3,0,0
BRDA:103,4,0,0
BRF:5
BRH:0
end_of_record
TN:
SF:src\modules\auth\models\family.model.ts
FN:83,(anonymous_9)
FN:102,(anonymous_10)
FN:108,(anonymous_11)
FN:114,(anonymous_12)
FNF:4
FNH:0
FNDA:0,(anonymous_9)
FNDA:0,(anonymous_10)
FNDA:0,(anonymous_11)
FNDA:0,(anonymous_12)
DA:1,0
DA:34,0
DA:83,0
DA:84,0
DA:88,0
DA:89,0
DA:90,0
DA:91,0
DA:94,0
DA:95,0
DA:98,0
DA:102,0
DA:103,0
DA:104,0
DA:108,0
DA:109,0
DA:110,0
DA:114,0
DA:115,0
DA:117,0
DA:122,0
DA:125,0
LF:22
LH:0
BRDA:115,0,0,0
BRF:1
BRH:0
end_of_record
TN:
SF:src\modules\tasks\models\task.model.ts
FNF:0
FNH:0
DA:1,0
DA:70,0
DA:98,0
DA:143,0
DA:144,0
DA:145,0
DA:147,0
DA:148,0
LF:8
LH:0
BRF:0
BRH:0
end_of_record
TN:
SF:src\shared\middleware\error-handler.ts
FN:15,(anonymous_0)
FN:29,(anonymous_1)
FN:89,(anonymous_2)
FN:93,(anonymous_3)
FN:97,(anonymous_4)
FN:101,(anonymous_5)
FN:105,(anonymous_6)
FN:109,(anonymous_7)
FN:113,(anonymous_8)
FN:118,(anonymous_9)
FN:122,(anonymous_10)
FN:126,(anonymous_11)
FN:130,(anonymous_12)
FN:134,(anonymous_13)
FN:138,(anonymous_14)
FN:142,(anonymous_15)
FN:146,(anonymous_16)
FN:150,(anonymous_17)
FNF:18
FNH:0
FNDA:0,(anonymous_0)
FNDA:0,(anonymous_1)
FNDA:0,(anonymous_2)
FNDA:0,(anonymous_3)
FNDA:0,(anonymous_4)
FNDA:0,(anonymous_5)
FNDA:0,(anonymous_6)
FNDA:0,(anonymous_7)
FNDA:0,(anonymous_8)
FNDA:0,(anonymous_9)
FNDA:0,(anonymous_10)
FNDA:0,(anonymous_11)
FNDA:0,(anonymous_12)
FNDA:0,(anonymous_13)
FNDA:0,(anonymous_14)
FNDA:0,(anonymous_15)
FNDA:0,(anonymous_16)
FNDA:0,(anonymous_17)
DA:2,0
DA:3,0
DA:12,0
DA:13,0
DA:21,0
DA:22,0
DA:23,0
DA:24,0
DA:25,0
DA:26,0
DA:35,0
DA:38,0
DA:41,0
DA:42,0
DA:43,0
DA:46,0
DA:47,0
DA:56,0
DA:57,0
DA:67,0
DA:74,0
DA:75,0
DA:76,0
DA:81,0
DA:82,0
DA:85,0
DA:90,0
DA:94,0
DA:98,0
DA:102,0
DA:106,0
DA:110,0
DA:114,0
DA:119,0
DA:123,0
DA:127,0
DA:131,0
DA:135,0
DA:139,0
DA:143,0
DA:147,0
DA:151,0
LF:42
LH:0
BRDA:35,0,0,0
BRDA:35,0,1,0
BRDA:42,1,0,0
BRDA:42,1,1,0
BRDA:43,2,0,0
BRDA:43,2,1,0
BRDA:46,3,0,0
BRDA:46,3,1,0
BRDA:56,4,0,0
BRDA:74,5,0,0
BRDA:74,6,0,0
BRDA:74,6,1,0
BRDA:75,7,0,0
BRDA:81,8,0,0
BRDA:93,9,0,0
BRDA:97,10,0,0
BRDA:101,11,0,0
BRDA:109,12,0,0
BRDA:113,13,0,0
BRDA:118,14,0,0
BRDA:122,15,0,0
BRDA:126,16,0,0
BRDA:130,17,0,0
BRDA:134,18,0,0
BRDA:138,19,0,0
BRDA:142,20,0,0
BRDA:146,21,0,0
BRDA:150,22,0,0
BRF:28
BRH:0
end_of_record
TN:
SF:src\shared\middleware\rate-limit.ts
FN:10,(anonymous_1)
FN:15,(anonymous_2)
FN:26,(anonymous_3)
FN:44,(anonymous_4)
FN:58,(anonymous_5)
FN:71,(anonymous_6)
FN:84,(anonymous_7)
FN:89,(anonymous_8)
FN:151,(anonymous_9)
FN:155,(anonymous_10)
FN:159,(anonymous_11)
FN:163,(anonymous_12)
FN:167,(anonymous_13)
FN:171,(anonymous_14)
FNF:14
FNH:0
FNDA:0,(anonymous_1)
FNDA:0,(anonymous_2)
FNDA:0,(anonymous_3)
FNDA:0,(anonymous_4)
FNDA:0,(anonymous_5)
FNDA:0,(anonymous_6)
FNDA:0,(anonymous_7)
FNDA:0,(anonymous_8)
FNDA:0,(anonymous_9)
FNDA:0,(anonymous_10)
FNDA:0,(anonymous_11)
FNDA:0,(anonymous_12)
FNDA:0,(anonymous_13)
FNDA:0,(anonymous_14)
DA:1,0
DA:4,0
DA:6,0
DA:7,0
DA:11,0
DA:16,0
DA:27,0
DA:33,0
DA:45,0
DA:59,0
DA:72,0
DA:89,0
DA:90,0
DA:91,0
DA:94,0
DA:95,0
DA:97,0
DA:98,0
DA:99,0
DA:100,0
DA:102,0
DA:103,0
DA:104,0
DA:108,0
DA:109,0
DA:111,0
DA:112,0
DA:114,0
DA:120,0
DA:129,0
DA:135,0
DA:141,0
DA:144,0
DA:145,0
DA:152,0
DA:155,0
DA:160,0
DA:163,0
DA:168,0
DA:171,0
LF:40
LH:0
BRDA:17,0,0,0
BRDA:17,0,1,0
BRDA:18,1,0,0
BRDA:18,1,1,0
BRDA:37,2,0,0
BRDA:37,2,1,0
BRDA:90,3,0,0
BRDA:95,4,0,0
BRDA:95,4,1,0
BRDA:96,5,0,0
BRDA:96,5,1,0
BRDA:103,6,0,0
BRDA:109,7,0,0
BRDA:109,7,1,0
BRDA:111,8,0,0
BRDA:124,9,0,0
BRDA:124,9,1,0
BRF:17
BRH:0
end_of_record
TN:
SF:src\shared\types\common.ts
FNF:0
FNH:0
DA:99,0
LF:1
LH:0
BRF:0
BRH:0
end_of_record
TN:
SF:src\shared\utils\logger.ts
FN:1,(anonymous_0)
FN:12,(anonymous_1)
FN:17,(anonymous_2)
FN:27,(anonymous_3)
FN:31,(anonymous_4)
FN:33,(anonymous_5)
FN:40,(anonymous_6)
FN:46,(anonymous_7)
FN:52,(anonymous_8)
FN:58,(anonymous_9)
FNF:10
FNH:0
FNDA:0,(anonymous_0)
FNDA:0,(anonymous_1)
FNDA:0,(anonymous_2)
FNDA:0,(anonymous_3)
FNDA:0,(anonymous_4)
FNDA:0,(anonymous_5)
FNDA:0,(anonymous_6)
FNDA:0,(anonymous_7)
FNDA:0,(anonymous_8)
FNDA:0,(anonymous_9)
DA:1,0
DA:2,0
DA:3,0
DA:4,0
DA:5,0
DA:8,0
DA:13,0
DA:14,0
DA:18,0
DA:19,0
DA:20,0
DA:21,0
DA:22,0
DA:23,0
DA:28,0
DA:32,0
DA:33,0
DA:34,0
DA:37,0
DA:41,0
DA:42,0
DA:47,0
DA:48,0
DA:53,0
DA:54,0
DA:59,0
DA:60,0
LF:27
LH:0
BRDA:1,0,0,0
BRDA:1,0,1,0
BRDA:14,1,0,0
BRDA:14,1,1,0
BRDA:18,2,0,0
BRDA:18,2,1,0
BRDA:18,2,2,0
BRDA:18,2,3,0
BRDA:18,2,4,0
BRDA:33,3,0,0
BRDA:33,3,1,0
BRDA:34,4,0,0
BRDA:34,4,1,0
BRDA:41,5,0,0
BRDA:47,6,0,0
BRDA:53,7,0,0
BRDA:59,8,0,0
BRF:17
BRH:0
end_of_record
